<?xml version="1.0" encoding="UTF-8"?>
<!-- Generated by org.testng.reporters.JUnitReportReporter -->
<testsuite hostname="DESKTOP-NQNSSRR" failures="0" tests="3" name="test.Testcases" time="0.019" errors="0" timestamp="2023-11-06T22:32:15 IST" skipped="0">
  <testcase classname="test.Testcases" name="case2" time="0.001"/>
  <testcase classname="test.Testcases" name="case1" time="0.017"/>
  <testcase classname="test.Testcases" name="case3" time="0.001"/>
</testsuite> <!-- test.Testcases -->
